17-Oct-2025 16:36:23.509 INFO [main] org.apache.catalina.startup.VersionLoggerListener.log Nombre de la versión del servidor: Apache Tomcat/11.0.13
17-Oct-2025 16:36:23.512 INFO [main] org.apache.catalina.startup.VersionLoggerListener.log Server built:                      Oct 10 2025 13:57:31 UTC
17-Oct-2025 16:36:23.512 INFO [main] org.apache.catalina.startup.VersionLoggerListener.log Número de versión de servidor:     11.0.13.0
17-Oct-2025 16:36:23.513 INFO [main] org.apache.catalina.startup.VersionLoggerListener.log OS Name:                           Windows 11
17-Oct-2025 16:36:23.513 INFO [main] org.apache.catalina.startup.VersionLoggerListener.log Versión de Systema Operativo:      10.0
17-Oct-2025 16:36:23.513 INFO [main] org.apache.catalina.startup.VersionLoggerListener.log Arquitectura:                      amd64
17-Oct-2025 16:36:23.513 INFO [main] org.apache.catalina.startup.VersionLoggerListener.log Java Home:                         C:\Program Files\Java\jdk-25
17-Oct-2025 16:36:23.513 INFO [main] org.apache.catalina.startup.VersionLoggerListener.log JVM Version:                       25+37-LTS-3491
17-Oct-2025 16:36:23.513 INFO [main] org.apache.catalina.startup.VersionLoggerListener.log Vededor JVM:                       Oracle Corporation
17-Oct-2025 16:36:23.514 INFO [main] org.apache.catalina.startup.VersionLoggerListener.log CATALINA_BASE:                     C:\Program Files\Apache Software Foundation\Tomcat 11.0
17-Oct-2025 16:36:23.514 INFO [main] org.apache.catalina.startup.VersionLoggerListener.log CATALINA_HOME:                     C:\Program Files\Apache Software Foundation\Tomcat 11.0
17-Oct-2025 16:36:23.528 INFO [main] org.apache.catalina.startup.VersionLoggerListener.log Command line argument:             -Djava.util.logging.config.file=C:\Program Files\Apache Software Foundation\Tomcat 11.0\conf\logging.properties
17-Oct-2025 16:36:23.528 INFO [main] org.apache.catalina.startup.VersionLoggerListener.log Command line argument:             -Djava.util.logging.manager=org.apache.juli.ClassLoaderLogManager
17-Oct-2025 16:36:23.529 INFO [main] org.apache.catalina.startup.VersionLoggerListener.log Command line argument:             -Djdk.tls.ephemeralDHKeySize=2048
17-Oct-2025 16:36:23.529 INFO [main] org.apache.catalina.startup.VersionLoggerListener.log Command line argument:             --add-opens=java.base/java.lang=ALL-UNNAMED
17-Oct-2025 16:36:23.530 INFO [main] org.apache.catalina.startup.VersionLoggerListener.log Command line argument:             --add-opens=java.base/java.lang.reflect=ALL-UNNAMED
17-Oct-2025 16:36:23.530 INFO [main] org.apache.catalina.startup.VersionLoggerListener.log Command line argument:             --add-opens=java.base/java.io=ALL-UNNAMED
17-Oct-2025 16:36:23.530 INFO [main] org.apache.catalina.startup.VersionLoggerListener.log Command line argument:             --add-opens=java.base/java.util=ALL-UNNAMED
17-Oct-2025 16:36:23.531 INFO [main] org.apache.catalina.startup.VersionLoggerListener.log Command line argument:             --add-opens=java.base/java.util.concurrent=ALL-UNNAMED
17-Oct-2025 16:36:23.531 INFO [main] org.apache.catalina.startup.VersionLoggerListener.log Command line argument:             --add-opens=java.rmi/sun.rmi.transport=ALL-UNNAMED
17-Oct-2025 16:36:23.531 INFO [main] org.apache.catalina.startup.VersionLoggerListener.log Command line argument:             --enable-native-access=ALL-UNNAMED
17-Oct-2025 16:36:23.531 INFO [main] org.apache.catalina.startup.VersionLoggerListener.log Command line argument:             -Dcatalina.base=C:\Program Files\Apache Software Foundation\Tomcat 11.0
17-Oct-2025 16:36:23.532 INFO [main] org.apache.catalina.startup.VersionLoggerListener.log Command line argument:             -Dcatalina.home=C:\Program Files\Apache Software Foundation\Tomcat 11.0
17-Oct-2025 16:36:23.532 INFO [main] org.apache.catalina.startup.VersionLoggerListener.log Command line argument:             -Djava.io.tmpdir=C:\Program Files\Apache Software Foundation\Tomcat 11.0\temp
17-Oct-2025 16:36:23.537 INFO [main] org.apache.catalina.core.AprLifecycleListener.lifecycleEvent La biblioteca nativa de Apache Tomcat basada en ARP que permite un rendimiento óptimo en entornos de desarrollo no ha sido hallada en java.library.path: [C:\Program Files\Java\jdk-25\bin;C:\WINDOWS\Sun\Java\bin;C:\WINDOWS\system32;C:\WINDOWS;C:\Program Files (x86)\Common Files\Oracle\Java\javapath;C:\WINDOWS\system32;C:\WINDOWS;C:\WINDOWS\System32\Wbem;C:\WINDOWS\System32\WindowsPowerShell\v1.0\;C:\WINDOWS\System32\OpenSSH\;C:\Program Files\nodejs\;C:\Program Files\Git\cmd;C:\Users\belop\AppData\Local\Microsoft\WindowsApps;C:\Users\belop\AppData\Local\Programs\Microsoft VS Code\bin;C:\Users\belop\AppData\Roaming\npm;C:\Users\belop\AppData\Local\GitHubDesktop\bin;;.]
17-Oct-2025 16:36:23.837 INFO [main] org.apache.coyote.AbstractProtocol.init Inicializando el manejador de protocolo ["http-nio-8080"]

17-Oct-2025 16:36:23.869 INFO [main] org.apache.catalina.startup.Catalina.load Server initialization in [593] milliseconds
17-Oct-2025 16:36:23.936 INFO [main] org.apache.catalina.core.StandardService.startInternal Arrancando servicio [Catalina]
17-Oct-2025 16:36:23.936 INFO [main] org.apache.catalina.core.StandardEngine.startInternal Starting Servlet engine: [Apache Tomcat/11.0.13]
17-Oct-2025 16:36:23.958 INFO [main] org.apache.catalina.startup.HostConfig.deployDirectory Desplegando el directorio [C:\Program Files\Apache Software Foundation\Tomcat 11.0\webapps\docs] de la aplicación web
17-Oct-2025 16:36:24.409 INFO [main] org.apache.catalina.startup.HostConfig.deployDirectory Deployment of web application directory [C:\Program Files\Apache Software Foundation\Tomcat 11.0\webapps\docs] has finished in [444] ms
17-Oct-2025 16:36:24.410 INFO [main] org.apache.catalina.startup.HostConfig.deployDirectory Desplegando el directorio [C:\Program Files\Apache Software Foundation\Tomcat 11.0\webapps\host-manager] de la aplicación web
17-Oct-2025 16:36:24.513 INFO [main] org.apache.catalina.startup.HostConfig.deployDirectory Deployment of web application directory [C:\Program Files\Apache Software Foundation\Tomcat 11.0\webapps\host-manager] has finished in [104] ms
17-Oct-2025 16:36:24.513 INFO [main] org.apache.catalina.startup.HostConfig.deployDirectory Desplegando el directorio [C:\Program Files\Apache Software Foundation\Tomcat 11.0\webapps\manager] de la aplicación web
17-Oct-2025 16:36:24.574 INFO [main] org.apache.catalina.startup.HostConfig.deployDirectory Deployment of web application directory [C:\Program Files\Apache Software Foundation\Tomcat 11.0\webapps\manager] has finished in [61] ms
17-Oct-2025 16:36:24.575 INFO [main] org.apache.catalina.startup.HostConfig.deployDirectory Desplegando el directorio [C:\Program Files\Apache Software Foundation\Tomcat 11.0\webapps\ROOT] de la aplicación web
17-Oct-2025 16:36:24.627 INFO [main] org.apache.catalina.startup.HostConfig.deployDirectory Deployment of web application directory [C:\Program Files\Apache Software Foundation\Tomcat 11.0\webapps\ROOT] has finished in [52] ms
17-Oct-2025 16:36:24.637 INFO [main] org.apache.coyote.AbstractProtocol.start Starting ProtocolHandler ["http-nio-8080"]
17-Oct-2025 16:36:24.677 INFO [main] org.apache.catalina.startup.Catalina.start Server startup in [802] milliseconds
17-Oct-2025 16:49:07.114 INFO [main] org.apache.catalina.startup.VersionLoggerListener.log Nombre de la versión del servidor: Apache Tomcat/11.0.13
17-Oct-2025 16:49:07.117 INFO [main] org.apache.catalina.startup.VersionLoggerListener.log Server built:                      Oct 10 2025 13:57:31 UTC
17-Oct-2025 16:49:07.117 INFO [main] org.apache.catalina.startup.VersionLoggerListener.log Número de versión de servidor:     11.0.13.0
17-Oct-2025 16:49:07.118 INFO [main] org.apache.catalina.startup.VersionLoggerListener.log OS Name:                           Windows 11
17-Oct-2025 16:49:07.118 INFO [main] org.apache.catalina.startup.VersionLoggerListener.log Versión de Systema Operativo:      10.0
17-Oct-2025 16:49:07.118 INFO [main] org.apache.catalina.startup.VersionLoggerListener.log Arquitectura:                      amd64
17-Oct-2025 16:49:07.118 INFO [main] org.apache.catalina.startup.VersionLoggerListener.log Java Home:                         C:\Program Files\Java\jdk-25
17-Oct-2025 16:49:07.118 INFO [main] org.apache.catalina.startup.VersionLoggerListener.log JVM Version:                       25+37-LTS-3491
17-Oct-2025 16:49:07.119 INFO [main] org.apache.catalina.startup.VersionLoggerListener.log Vededor JVM:                       Oracle Corporation
17-Oct-2025 16:49:07.119 INFO [main] org.apache.catalina.startup.VersionLoggerListener.log CATALINA_BASE:                     C:\Program Files\Apache Software Foundation\Tomcat 11.0
17-Oct-2025 16:49:07.119 INFO [main] org.apache.catalina.startup.VersionLoggerListener.log CATALINA_HOME:                     C:\Program Files\Apache Software Foundation\Tomcat 11.0
17-Oct-2025 16:49:07.133 INFO [main] org.apache.catalina.startup.VersionLoggerListener.log Command line argument:             -Djava.util.logging.config.file=C:\Program Files\Apache Software Foundation\Tomcat 11.0\conf\logging.properties
17-Oct-2025 16:49:07.133 INFO [main] org.apache.catalina.startup.VersionLoggerListener.log Command line argument:             -Djava.util.logging.manager=org.apache.juli.ClassLoaderLogManager
17-Oct-2025 16:49:07.134 INFO [main] org.apache.catalina.startup.VersionLoggerListener.log Command line argument:             -Djdk.tls.ephemeralDHKeySize=2048
17-Oct-2025 16:49:07.134 INFO [main] org.apache.catalina.startup.VersionLoggerListener.log Command line argument:             --add-opens=java.base/java.lang=ALL-UNNAMED
17-Oct-2025 16:49:07.134 INFO [main] org.apache.catalina.startup.VersionLoggerListener.log Command line argument:             --add-opens=java.base/java.lang.reflect=ALL-UNNAMED
17-Oct-2025 16:49:07.135 INFO [main] org.apache.catalina.startup.VersionLoggerListener.log Command line argument:             --add-opens=java.base/java.io=ALL-UNNAMED
17-Oct-2025 16:49:07.135 INFO [main] org.apache.catalina.startup.VersionLoggerListener.log Command line argument:             --add-opens=java.base/java.util=ALL-UNNAMED
17-Oct-2025 16:49:07.135 INFO [main] org.apache.catalina.startup.VersionLoggerListener.log Command line argument:             --add-opens=java.base/java.util.concurrent=ALL-UNNAMED
17-Oct-2025 16:49:07.135 INFO [main] org.apache.catalina.startup.VersionLoggerListener.log Command line argument:             --add-opens=java.rmi/sun.rmi.transport=ALL-UNNAMED
17-Oct-2025 16:49:07.136 INFO [main] org.apache.catalina.startup.VersionLoggerListener.log Command line argument:             --enable-native-access=ALL-UNNAMED
17-Oct-2025 16:49:07.136 INFO [main] org.apache.catalina.startup.VersionLoggerListener.log Command line argument:             -Dcatalina.base=C:\Program Files\Apache Software Foundation\Tomcat 11.0
17-Oct-2025 16:49:07.136 INFO [main] org.apache.catalina.startup.VersionLoggerListener.log Command line argument:             -Dcatalina.home=C:\Program Files\Apache Software Foundation\Tomcat 11.0
17-Oct-2025 16:49:07.137 INFO [main] org.apache.catalina.startup.VersionLoggerListener.log Command line argument:             -Djava.io.tmpdir=C:\Program Files\Apache Software Foundation\Tomcat 11.0\temp
17-Oct-2025 16:49:07.144 INFO [main] org.apache.catalina.core.AprLifecycleListener.lifecycleEvent La biblioteca nativa de Apache Tomcat basada en ARP que permite un rendimiento óptimo en entornos de desarrollo no ha sido hallada en java.library.path: [C:\Program Files\Java\jdk-25\bin;C:\WINDOWS\Sun\Java\bin;C:\WINDOWS\system32;C:\WINDOWS;C:\Program Files (x86)\Common Files\Oracle\Java\javapath;C:\WINDOWS\system32;C:\WINDOWS;C:\WINDOWS\System32\Wbem;C:\WINDOWS\System32\WindowsPowerShell\v1.0\;C:\WINDOWS\System32\OpenSSH\;C:\Program Files\nodejs\;C:\Program Files\Git\cmd;C:\Users\belop\AppData\Local\Microsoft\WindowsApps;C:\Users\belop\AppData\Local\Programs\Microsoft VS Code\bin;C:\Users\belop\AppData\Roaming\npm;C:\Users\belop\AppData\Local\GitHubDesktop\bin;;.]
17-Oct-2025 16:49:07.423 INFO [main] org.apache.coyote.AbstractProtocol.init Inicializando el manejador de protocolo ["http-nio-8080"]

17-Oct-2025 16:49:07.448 INFO [main] org.apache.catalina.startup.Catalina.load Server initialization in [530] milliseconds
17-Oct-2025 16:49:07.495 INFO [main] org.apache.catalina.core.StandardService.startInternal Arrancando servicio [Catalina]
17-Oct-2025 16:49:07.495 INFO [main] org.apache.catalina.core.StandardEngine.startInternal Starting Servlet engine: [Apache Tomcat/11.0.13]
17-Oct-2025 16:49:07.506 INFO [main] org.apache.catalina.startup.HostConfig.deployDirectory Desplegando el directorio [C:\Program Files\Apache Software Foundation\Tomcat 11.0\webapps\docs] de la aplicación web
17-Oct-2025 16:49:07.846 INFO [main] org.apache.catalina.startup.HostConfig.deployDirectory Deployment of web application directory [C:\Program Files\Apache Software Foundation\Tomcat 11.0\webapps\docs] has finished in [335] ms
17-Oct-2025 16:49:07.847 INFO [main] org.apache.catalina.startup.HostConfig.deployDirectory Desplegando el directorio [C:\Program Files\Apache Software Foundation\Tomcat 11.0\webapps\host-manager] de la aplicación web
17-Oct-2025 16:49:07.920 INFO [main] org.apache.catalina.startup.HostConfig.deployDirectory Deployment of web application directory [C:\Program Files\Apache Software Foundation\Tomcat 11.0\webapps\host-manager] has finished in [73] ms
17-Oct-2025 16:49:07.921 INFO [main] org.apache.catalina.startup.HostConfig.deployDirectory Desplegando el directorio [C:\Program Files\Apache Software Foundation\Tomcat 11.0\webapps\kreakedev] de la aplicación web
17-Oct-2025 16:49:07.968 INFO [main] org.apache.catalina.startup.HostConfig.deployDirectory Deployment of web application directory [C:\Program Files\Apache Software Foundation\Tomcat 11.0\webapps\kreakedev] has finished in [47] ms
17-Oct-2025 16:49:07.969 INFO [main] org.apache.catalina.startup.HostConfig.deployDirectory Desplegando el directorio [C:\Program Files\Apache Software Foundation\Tomcat 11.0\webapps\manager] de la aplicación web
17-Oct-2025 16:49:08.012 INFO [main] org.apache.catalina.startup.HostConfig.deployDirectory Deployment of web application directory [C:\Program Files\Apache Software Foundation\Tomcat 11.0\webapps\manager] has finished in [43] ms
17-Oct-2025 16:49:08.013 INFO [main] org.apache.catalina.startup.HostConfig.deployDirectory Desplegando el directorio [C:\Program Files\Apache Software Foundation\Tomcat 11.0\webapps\ROOT] de la aplicación web
17-Oct-2025 16:49:08.046 INFO [main] org.apache.catalina.startup.HostConfig.deployDirectory Deployment of web application directory [C:\Program Files\Apache Software Foundation\Tomcat 11.0\webapps\ROOT] has finished in [33] ms
17-Oct-2025 16:49:08.052 INFO [main] org.apache.coyote.AbstractProtocol.start Starting ProtocolHandler ["http-nio-8080"]
17-Oct-2025 16:49:08.083 INFO [main] org.apache.catalina.startup.Catalina.start Server startup in [633] milliseconds
